2019-06-04T16:09:53.359Z [info] [addon/components/polaris-skeleton-display-text.js]: BEGIN
2019-06-04T16:09:53.360Z [info] [addon/-private/drop-zone-state.js]: BEGIN
2019-06-04T16:09:53.581Z [info] [addon/templates/components/polaris-display-text.hbs]: BEGIN
2019-06-04T16:09:53.644Z [info] [addon/templates/components/polaris-date-picker.hbs]: BEGIN
2019-06-04T16:09:53.674Z [info] [addon/templates/components/polaris-description-list.hbs]: BEGIN
2019-06-04T16:09:53.740Z [info] [addon/templates/components/polaris-drop-zone.hbs]: BEGIN
2019-06-04T16:09:53.786Z [info] [addon/templates/components/polaris-empty-search-result.hbs]: BEGIN
2019-06-04T16:09:53.805Z [info] [addon/templates/components/polaris-empty-state.hbs]: BEGIN
2019-06-04T16:09:53.815Z [info] [addon/templates/components/polaris-form.hbs]: BEGIN
2019-06-04T16:09:53.821Z [info] [addon/templates/components/polaris-footer-help.hbs]: BEGIN
2019-06-04T16:09:53.834Z [info] [addon/templates/components/polaris-form-layout.hbs]: BEGIN
2019-06-04T16:09:53.837Z [info] [addon/templates/components/polaris-heading.hbs]: BEGIN
2019-06-04T16:09:53.851Z [info] [addon/templates/components/polaris-icon.hbs]: BEGIN
2019-06-04T16:09:53.855Z [info] [addon/templates/components/polaris-label.hbs]: BEGIN
2019-06-04T16:09:53.861Z [info] [addon/templates/components/polaris-inline-error.hbs]: BEGIN
2019-06-04T16:09:53.870Z [info] [addon/templates/components/polaris-labelled.hbs]: BEGIN
2019-06-04T16:09:53.884Z [info] [addon/templates/components/polaris-layout.hbs]: BEGIN
2019-06-04T16:09:53.898Z [info] [addon/templates/components/polaris-page-actions.hbs]: BEGIN
2019-06-04T16:09:53.912Z [info] [addon/templates/components/polaris-list.hbs]: BEGIN
2019-06-04T16:09:53.922Z [info] [addon/templates/components/polaris-option-list.hbs]: BEGIN
2019-06-04T16:09:53.933Z [info] [addon/templates/components/polaris-link.hbs]: BEGIN
2019-06-04T16:09:53.950Z [info] [addon/templates/components/polaris-pagination.hbs]: BEGIN
2019-06-04T16:09:53.964Z [info] [addon/templates/components/polaris-popover.hbs]: BEGIN
2019-06-04T16:09:53.972Z [info] [addon/templates/components/polaris-page.hbs]: BEGIN
2019-06-04T16:09:53.978Z [info] [addon/templates/components/polaris-progress-bar.hbs]: BEGIN
2019-06-04T16:09:53.988Z [info] [addon/templates/components/polaris-radio-button.hbs]: BEGIN
2019-06-04T16:09:54.000Z [info] [addon/templates/components/polaris-range-slider.hbs]: BEGIN
2019-06-04T16:09:54.045Z [info] [addon/templates/components/polaris-resource-list.hbs]: BEGIN
2019-06-04T16:09:54.073Z [info] [addon/templates/components/polaris-select.hbs]: BEGIN
2019-06-04T16:09:54.088Z [info] [addon/templates/components/polaris-setting-toggle.hbs]: BEGIN
2019-06-04T16:09:54.091Z [info] [addon/templates/components/polaris-skeleton-body-text.hbs]: BEGIN
2019-06-04T16:09:54.106Z [info] [addon/templates/components/polaris-skeleton-page.hbs]: BEGIN
2019-06-04T16:09:54.114Z [info] [addon/templates/components/polaris-spinner.hbs]: BEGIN
2019-06-04T16:09:54.118Z [info] [addon/templates/components/polaris-stack.hbs]: BEGIN
2019-06-04T16:09:54.122Z [info] [addon/templates/components/polaris-sticky.hbs]: BEGIN
2019-06-04T16:09:54.125Z [info] [addon/templates/components/polaris-subheading.hbs]: BEGIN
2019-06-04T16:09:54.133Z [info] [addon/templates/components/polaris-tag.hbs]: BEGIN
2019-06-04T16:09:54.137Z [info] [addon/templates/components/polaris-text-container.hbs]: BEGIN
2019-06-04T16:09:54.167Z [info] [addon/templates/components/polaris-text-field.hbs]: BEGIN
2019-06-04T16:09:54.183Z [info] [addon/templates/components/polaris-text-style.hbs]: BEGIN
2019-06-04T16:09:54.188Z [info] [addon/templates/components/polaris-thumbnail.hbs]: BEGIN
2019-06-04T16:09:54.190Z [info] [addon/templates/components/polaris-unstyled-link.hbs]: BEGIN
2019-06-04T16:09:54.194Z [info] [addon/templates/components/polaris-visually-hidden.hbs]: BEGIN
2019-06-04T16:09:54.197Z [info] [addon/templates/components/render-content.hbs]: BEGIN
2019-06-04T16:09:54.202Z [info] [addon/templates/components/wrapper-element.hbs]: BEGIN
2019-06-04T16:09:54.211Z [info] [addon/components/polaris-button/content.js]: BEGIN
2019-06-04T16:09:54.223Z [info] [addon/components/polaris-button/content.js]: SUCCESS
2019-06-04T16:09:54.240Z [info] [addon/components/polaris-card/section-header.js]: BEGIN
2019-06-04T16:09:54.247Z [info] [addon/components/polaris-card/section-header.js]: SUCCESS
2019-06-04T16:09:54.256Z [info] [addon/components/polaris-card/section.js]: BEGIN
2019-06-04T16:09:54.260Z [info] [addon/components/polaris-card/section.js]: SUCCESS
2019-06-04T16:09:54.273Z [info] [addon/components/polaris-button-group/item.js]: BEGIN
2019-06-04T16:09:54.284Z [info] [addon/components/polaris-button-group/item.js]: SUCCESS
2019-06-04T16:09:54.313Z [info] [addon/components/polaris-color-picker/alpha-picker.js]: BEGIN
2019-06-04T16:09:54.342Z [info] [addon/components/polaris-color-picker/alpha-picker.js]: SUCCESS
2019-06-04T16:09:54.372Z [info] [addon/components/polaris-color-picker/hue-picker.js]: BEGIN
2019-06-04T16:09:54.387Z [info] [addon/components/polaris-color-picker/hue-picker.js]: SUCCESS
2019-06-04T16:09:54.398Z [info] [addon/components/polaris-choice/label.js]: BEGIN
2019-06-04T16:09:54.403Z [info] [addon/components/polaris-choice/label.js]: SUCCESS
2019-06-04T16:09:53.382Z [info] [addon/components/polaris-skeleton-display-text.js]: SUCCESS
2019-06-04T16:09:53.430Z [info] [addon/components/polaris-spinner.js]: BEGIN
2019-06-04T16:09:53.445Z [info] [addon/components/polaris-spinner.js]: SUCCESS
2019-06-04T16:09:53.489Z [info] [addon/components/polaris-skeleton-page.js]: BEGIN
2019-06-04T16:09:53.515Z [info] [addon/components/polaris-skeleton-page.js]: SUCCESS
2019-06-04T16:09:53.569Z [info] [addon/components/polaris-stack.js]: BEGIN
2019-06-04T16:09:53.587Z [info] [addon/components/polaris-stack.js]: SUCCESS
2019-06-04T16:09:53.609Z [info] [addon/components/polaris-skeleton-thumbnail.js]: BEGIN
2019-06-04T16:09:53.617Z [info] [addon/components/polaris-skeleton-thumbnail.js]: SUCCESS
2019-06-04T16:09:53.624Z [info] [addon/components/polaris-subheading.js]: BEGIN
2019-06-04T16:09:53.628Z [info] [addon/components/polaris-subheading.js]: SUCCESS
2019-06-04T16:09:53.645Z [info] [addon/components/polaris-tag.js]: BEGIN
2019-06-04T16:09:53.652Z [info] [addon/components/polaris-tag.js]: SUCCESS
2019-06-04T16:09:53.691Z [info] [addon/components/polaris-sticky.js]: BEGIN
2019-06-04T16:09:53.700Z [warn] [addon/components/polaris-sticky.js]: FAILURE 
Validation errors: 
	[placeHolderNodeId]: Transform not supported - need option '--decorators=true' or the property type CallExpression can not be transformed
	[stickyNodeId]: Transform not supported - need option '--decorators=true' or the property type CallExpression can not be transformed
2019-06-04T16:09:53.718Z [info] [addon/components/polaris-text-container.js]: BEGIN
2019-06-04T16:09:53.729Z [info] [addon/components/polaris-text-container.js]: SUCCESS
2019-06-04T16:09:53.836Z [info] [addon/components/polaris-text-field.js]: BEGIN
2019-06-04T16:09:53.865Z [warn] [addon/components/polaris-text-field.js]: FAILURE 
Validation errors: 
	[autoCompleteInputs]: Transform not supported - need option '--decorators=true' or the property type CallExpression can not be transformed
2019-06-04T16:09:53.874Z [info] [addon/components/polaris-text-style.js]: BEGIN
2019-06-04T16:09:53.883Z [info] [addon/components/polaris-text-style.js]: SUCCESS
2019-06-04T16:09:53.901Z [info] [addon/components/polaris-thumbnail.js]: BEGIN
2019-06-04T16:09:53.909Z [info] [addon/components/polaris-thumbnail.js]: SUCCESS
2019-06-04T16:09:53.922Z [info] [addon/components/polaris-unstyled-link.js]: BEGIN
2019-06-04T16:09:53.925Z [warn] [addon/components/polaris-unstyled-link.js]: FAILURE 
Validation errors: 
	[click]: Transform not supported - need option '--decorators=true' or the property type CallExpression can not be transformed
2019-06-04T16:09:53.928Z [info] [addon/components/polaris-visually-hidden.js]: BEGIN
2019-06-04T16:09:53.934Z [info] [addon/components/polaris-visually-hidden.js]: SUCCESS
2019-06-04T16:09:53.942Z [info] [addon/components/render-content.js]: BEGIN
2019-06-04T16:09:53.949Z [info] [addon/components/render-content.js]: SUCCESS
2019-06-04T16:09:53.956Z [info] [addon/components/wrapper-element.js]: BEGIN
2019-06-04T16:09:53.969Z [info] [addon/components/wrapper-element.js]: SUCCESS
2019-06-04T16:09:53.974Z [info] [addon/utils/breakpoints.js]: BEGIN
2019-06-04T16:09:54.008Z [info] [addon/utils/color.js]: BEGIN
2019-06-04T16:09:54.051Z [info] [addon/utils/dates.js]: BEGIN
2019-06-04T16:09:54.071Z [info] [addon/utils/data-table.js]: BEGIN
2019-06-04T16:09:54.078Z [info] [addon/utils/dom.js]: BEGIN
2019-06-04T16:09:54.081Z [info] [addon/utils/focus.js]: BEGIN
2019-06-04T16:09:54.097Z [info] [addon/utils/drop-zone.js]: BEGIN
2019-06-04T16:09:54.105Z [info] [addon/utils/map-event-to-action.js]: BEGIN
2019-06-04T16:09:54.113Z [info] [addon/utils/id.js]: BEGIN
2019-06-04T16:09:54.121Z [info] [addon/utils/normalize-auto-complete.js]: BEGIN
2019-06-04T16:09:54.125Z [info] [addon/utils/math.js]: BEGIN
2019-06-04T16:09:54.129Z [info] [addon/helpers/polaris-date-picker/derive-range.js]: BEGIN
2019-06-04T16:09:54.141Z [info] [addon/mixins/components/svg-handling.js]: BEGIN
2019-06-04T16:09:54.147Z [info] [addon/helpers/polaris-data-table/insert-presentational-cell.js]: BEGIN
2019-06-04T16:09:54.150Z [info] [addon/helpers/polaris-select/is-group.js]: BEGIN
2019-06-04T16:09:54.155Z [info] [addon/components/polaris-action-list/section.js]: BEGIN
2019-06-04T16:09:54.162Z [info] [addon/components/polaris-action-list/section.js]: SUCCESS
2019-06-04T16:09:54.165Z [info] [addon/templates/components/key-event-listener.hbs]: BEGIN
2019-06-04T16:09:54.175Z [info] [addon/components/polaris-action-list/item.js]: BEGIN
2019-06-04T16:09:54.184Z [info] [addon/components/polaris-action-list/item.js]: SUCCESS
2019-06-04T16:09:54.198Z [info] [addon/templates/components/polaris-action-list.hbs]: BEGIN
2019-06-04T16:09:54.213Z [info] [addon/templates/components/polaris-badge.hbs]: BEGIN
2019-06-04T16:09:54.223Z [info] [addon/templates/components/polaris-avatar.hbs]: BEGIN
2019-06-04T16:09:54.249Z [info] [addon/templates/components/polaris-banner.hbs]: BEGIN
2019-06-04T16:09:54.260Z [info] [addon/templates/components/polaris-button-group.hbs]: BEGIN
2019-06-04T16:09:54.276Z [info] [addon/templates/components/polaris-breadcrumbs.hbs]: BEGIN
2019-06-04T16:09:54.302Z [info] [addon/templates/components/polaris-button.hbs]: BEGIN
2019-06-04T16:09:54.339Z [info] [addon/templates/components/polaris-callout-card.hbs]: BEGIN
2019-06-04T16:09:54.378Z [info] [addon/templates/components/polaris-card.hbs]: BEGIN
2019-06-04T16:09:54.387Z [info] [addon/templates/components/polaris-caption.hbs]: BEGIN
2019-06-04T16:09:54.395Z [info] [addon/templates/components/polaris-choice-list.hbs]: BEGIN
2019-06-04T16:09:54.405Z [info] [addon/templates/components/polaris-color-picker.hbs]: BEGIN
2019-06-04T16:09:54.414Z [info] [addon/templates/components/polaris-checkbox.hbs]: BEGIN
2019-06-04T16:09:54.423Z [info] [addon/templates/components/polaris-choice.hbs]: BEGIN
2019-06-04T16:09:54.436Z [info] [addon/templates/components/polaris-connected.hbs]: BEGIN
2019-06-04T16:09:54.454Z [info] [addon/templates/components/polaris-data-table.hbs]: BEGIN
2019-06-04T16:09:53.394Z [info] [addon/-private/drop-zone-state.js]: SUCCESS
2019-06-04T16:09:53.443Z [info] [addon/components/component-proxy.js]: BEGIN
2019-06-04T16:09:53.454Z [info] [addon/components/component-proxy.js]: SUCCESS
2019-06-04T16:09:53.475Z [info] [addon/helpers/is-component-definition.js]: BEGIN
2019-06-04T16:09:53.567Z [info] [addon/services/sticky-manager.js]: BEGIN
2019-06-04T16:09:53.582Z [warn] [addon/services/sticky-manager.js]: FAILURE 
Validation errors: 
	[stickyItems]: Transform not supported - need option '--decorators=true' or the property type CallExpression can not be transformed
	[stuckItems]: Transform not supported - need option '--decorators=true' or the property type CallExpression can not be transformed
2019-06-04T16:09:53.599Z [info] [addon/components/key-event-listener.js]: BEGIN
2019-06-04T16:09:53.617Z [info] [addon/components/key-event-listener.js]: SUCCESS
2019-06-04T16:09:53.639Z [info] [addon/components/polaris-badge.js]: BEGIN
2019-06-04T16:09:53.665Z [info] [addon/components/polaris-badge.js]: SUCCESS
2019-06-04T16:09:53.721Z [info] [addon/components/polaris-avatar.js]: BEGIN
2019-06-04T16:09:53.763Z [info] [addon/components/polaris-avatar.js]: SUCCESS
2019-06-04T16:09:53.799Z [info] [addon/components/polaris-button-group.js]: BEGIN
2019-06-04T16:09:53.811Z [info] [addon/components/polaris-button-group.js]: SUCCESS
2019-06-04T16:09:53.824Z [info] [addon/components/polaris-action-list.js]: BEGIN
2019-06-04T16:09:53.833Z [info] [addon/components/polaris-action-list.js]: SUCCESS
2019-06-04T16:09:53.848Z [info] [addon/components/polaris-callout-card.js]: BEGIN
2019-06-04T16:09:53.852Z [info] [addon/components/polaris-callout-card.js]: SUCCESS
2019-06-04T16:09:53.873Z [info] [addon/components/polaris-banner.js]: BEGIN
2019-06-04T16:09:53.895Z [info] [addon/components/polaris-banner.js]: SUCCESS
2019-06-04T16:09:53.907Z [info] [addon/components/polaris-caption.js]: BEGIN
2019-06-04T16:09:53.911Z [info] [addon/components/polaris-caption.js]: SUCCESS
2019-06-04T16:09:53.917Z [info] [addon/components/polaris-breadcrumbs.js]: BEGIN
2019-06-04T16:09:53.922Z [info] [addon/components/polaris-breadcrumbs.js]: SUCCESS
2019-06-04T16:09:53.951Z [info] [addon/components/polaris-button.js]: BEGIN
2019-06-04T16:09:53.977Z [info] [addon/components/polaris-button.js]: SUCCESS
2019-06-04T16:09:53.990Z [info] [addon/components/polaris-card.js]: BEGIN
2019-06-04T16:09:53.994Z [info] [addon/components/polaris-card.js]: SUCCESS
2019-06-04T16:09:54.010Z [info] [addon/components/polaris-checkbox.js]: BEGIN
2019-06-04T16:09:54.028Z [info] [addon/components/polaris-checkbox.js]: SUCCESS
2019-06-04T16:09:54.043Z [info] [addon/components/polaris-choice.js]: BEGIN
2019-06-04T16:09:54.050Z [info] [addon/components/polaris-choice.js]: SUCCESS
2019-06-04T16:09:54.074Z [info] [addon/components/polaris-choice-list.js]: BEGIN
2019-06-04T16:09:54.091Z [info] [addon/components/polaris-choice-list.js]: SUCCESS
2019-06-04T16:09:54.120Z [info] [addon/components/polaris-color-picker.js]: BEGIN
2019-06-04T16:09:54.139Z [info] [addon/components/polaris-color-picker.js]: SUCCESS
2019-06-04T16:09:54.147Z [info] [addon/components/polaris-connected.js]: BEGIN
2019-06-04T16:09:54.150Z [info] [addon/components/polaris-connected.js]: SUCCESS
2019-06-04T16:09:54.199Z [info] [addon/components/polaris-date-picker.js]: BEGIN
2019-06-04T16:09:54.237Z [info] [addon/components/polaris-date-picker.js]: SUCCESS
2019-06-04T16:09:54.327Z [info] [addon/components/polaris-drop-zone.js]: BEGIN
2019-06-04T16:09:54.400Z [info] [addon/components/polaris-drop-zone.js]: SUCCESS
2019-06-04T16:09:54.427Z [info] [addon/components/polaris-display-text.js]: BEGIN
2019-06-04T16:09:54.433Z [info] [addon/components/polaris-display-text.js]: SUCCESS
2019-06-04T16:09:54.439Z [info] [addon/components/polaris-description-list.js]: BEGIN
2019-06-04T16:09:54.445Z [info] [addon/components/polaris-description-list.js]: SUCCESS
2019-06-04T16:09:54.449Z [info] [addon/components/polaris-empty-search-result.js]: BEGIN
2019-06-04T16:09:54.453Z [info] [addon/components/polaris-empty-search-result.js]: SUCCESS
2019-06-04T16:09:54.498Z [info] [addon/components/polaris-data-table.js]: BEGIN
2019-06-04T16:09:54.513Z [warn] [addon/components/polaris-data-table.js]: FAILURE 
Validation errors: 
	[dataTable]: Transform not supported - need option '--decorators=true' or the property type CallExpression can not be transformed
	[table]: Transform not supported - need option '--decorators=true' or the property type CallExpression can not be transformed
	[scrollContainer]: Transform not supported - need option '--decorators=true' or the property type CallExpression can not be transformed
2019-06-04T16:09:54.515Z [info] [addon/components/polaris-footer-help.js]: BEGIN
2019-06-04T16:09:54.517Z [info] [addon/components/polaris-footer-help.js]: SUCCESS
2019-06-04T16:09:54.524Z [info] [addon/components/polaris-empty-state.js]: BEGIN
2019-06-04T16:09:54.528Z [info] [addon/components/polaris-empty-state.js]: SUCCESS
2019-06-04T16:09:54.535Z [info] [addon/components/polaris-icon.js]: BEGIN
2019-06-04T16:09:54.543Z [info] [addon/components/polaris-icon.js]: SUCCESS
2019-06-04T16:09:54.549Z [info] [addon/components/polaris-heading.js]: BEGIN
2019-06-04T16:09:54.551Z [info] [addon/components/polaris-heading.js]: SUCCESS
2019-06-04T16:09:54.558Z [info] [addon/components/polaris-form-layout.js]: BEGIN
2019-06-04T16:09:54.563Z [info] [addon/components/polaris-form-layout.js]: SUCCESS
2019-06-04T16:09:54.567Z [info] [addon/components/polaris-label.js]: BEGIN
2019-06-04T16:09:54.568Z [warn] [addon/components/polaris-label.js]: FAILURE 
Validation errors: 
	[labelId]: Transform not supported - need option '--decorators=true' or the property type CallExpression can not be transformed
2019-06-04T16:09:54.570Z [info] [addon/components/polaris-inline-error.js]: BEGIN
2019-06-04T16:09:54.574Z [info] [addon/components/polaris-inline-error.js]: SUCCESS
2019-06-04T16:09:54.580Z [info] [addon/components/polaris-form.js]: BEGIN
2019-06-04T16:09:54.588Z [info] [addon/components/polaris-form.js]: SUCCESS
2019-06-04T16:09:54.593Z [info] [addon/components/polaris-layout.js]: BEGIN
2019-06-04T16:09:54.596Z [info] [addon/components/polaris-layout.js]: SUCCESS
2019-06-04T16:09:54.600Z [info] [addon/components/polaris-list.js]: BEGIN
2019-06-04T16:09:54.606Z [info] [addon/components/polaris-list.js]: SUCCESS
2019-06-04T16:09:54.612Z [info] [addon/components/polaris-labelled.js]: BEGIN
2019-06-04T16:09:54.614Z [warn] [addon/components/polaris-labelled.js]: FAILURE 
Validation errors: 
	[errorId]: Transform not supported - need option '--decorators=true' or the property type CallExpression can not be transformed
	[helpTextId]: Transform not supported - need option '--decorators=true' or the property type CallExpression can not be transformed
2019-06-04T16:09:54.624Z [info] [addon/components/polaris-option-list.js]: BEGIN
2019-06-04T16:09:54.633Z [info] [addon/components/polaris-option-list.js]: SUCCESS
2019-06-04T16:09:54.642Z [info] [addon/components/polaris-link.js]: BEGIN
2019-06-04T16:09:54.650Z [info] [addon/components/polaris-link.js]: SUCCESS
2019-06-04T16:09:54.654Z [info] [addon/components/polaris-page-actions.js]: BEGIN
2019-06-04T16:09:54.658Z [info] [addon/components/polaris-page-actions.js]: SUCCESS
2019-06-04T16:09:54.665Z [info] [addon/components/polaris-page.js]: BEGIN
2019-06-04T16:09:54.670Z [info] [addon/components/polaris-page.js]: SUCCESS
2019-06-04T16:09:54.686Z [info] [addon/components/polaris-progress-bar.js]: BEGIN
2019-06-04T16:09:54.693Z [info] [addon/components/polaris-progress-bar.js]: SUCCESS
2019-06-04T16:09:54.703Z [info] [addon/components/polaris-pagination.js]: BEGIN
2019-06-04T16:09:54.712Z [info] [addon/components/polaris-pagination.js]: SUCCESS
2019-06-04T16:09:54.728Z [info] [addon/components/polaris-popover.js]: BEGIN
2019-06-04T16:09:54.739Z [info] [addon/components/polaris-popover.js]: SUCCESS
2019-06-04T16:09:54.750Z [info] [addon/components/polaris-radio-button.js]: BEGIN
2019-06-04T16:09:54.756Z [info] [addon/components/polaris-radio-button.js]: SUCCESS
2019-06-04T16:09:54.820Z [info] [addon/components/polaris-resource-list.js]: BEGIN
2019-06-04T16:09:54.844Z [warn] [addon/components/polaris-resource-list.js]: FAILURE 
Validation errors: 
	[selectId]: Transform not supported - need option '--decorators=true' or the property type CallExpression can not be transformed
2019-06-04T16:09:54.864Z [info] [addon/components/polaris-range-slider.js]: BEGIN
2019-06-04T16:09:54.882Z [info] [addon/components/polaris-range-slider.js]: SUCCESS
2019-06-04T16:09:54.908Z [info] [addon/components/polaris-select.js]: BEGIN
2019-06-04T16:09:54.925Z [info] [addon/components/polaris-select.js]: SUCCESS
2019-06-04T16:09:54.934Z [info] [addon/components/polaris-setting-toggle.js]: BEGIN
2019-06-04T16:09:54.937Z [info] [addon/components/polaris-setting-toggle.js]: SUCCESS
2019-06-04T16:09:54.944Z [info] [addon/components/polaris-skeleton-body-text.js]: BEGIN
2019-06-04T16:09:54.949Z [info] [addon/components/polaris-skeleton-body-text.js]: SUCCESS
2019-06-04T16:09:55.018Z [info] [addon/templates/components/polaris-data-table/total.hbs]: BEGIN
2019-06-04T16:09:55.022Z [info] [addon/components/polaris-color-picker/slidable.js]: BEGIN
2019-06-04T16:09:55.025Z [info] [addon/templates/components/polaris-date-picker/day.hbs]: BEGIN
2019-06-04T16:09:55.036Z [info] [addon/templates/components/polaris-date-picker/month.hbs]: BEGIN
2019-06-04T16:09:55.041Z [info] [addon/templates/components/polaris-date-picker/weekday.hbs]: BEGIN
2019-06-04T16:09:55.057Z [info] [addon/templates/components/polaris-empty-state/details.hbs]: BEGIN
2019-06-04T16:09:55.074Z [info] [addon/templates/components/polaris-drop-zone/file-upload.hbs]: BEGIN
2019-06-04T16:09:55.091Z [info] [addon/templates/components/polaris-form-layout/group.hbs]: BEGIN
2019-06-04T16:09:55.097Z [info] [addon/templates/components/polaris-form-layout/item.hbs]: BEGIN
2019-06-04T16:09:55.100Z [info] [addon/templates/components/polaris-layout/annotated-section.hbs]: BEGIN
2019-06-04T16:09:55.105Z [info] [addon/templates/components/polaris-layout/annotation-content.hbs]: BEGIN
2019-06-04T16:09:55.109Z [info] [addon/templates/components/polaris-layout/annotation.hbs]: BEGIN
2019-06-04T16:09:55.112Z [info] [addon/templates/components/polaris-layout/section.hbs]: BEGIN
2019-06-04T16:09:55.117Z [info] [addon/templates/components/polaris-option-list/checkbox.hbs]: BEGIN
2019-06-04T16:09:55.121Z [info] [addon/templates/components/polaris-list/item.hbs]: BEGIN
2019-06-04T16:09:55.135Z [info] [addon/templates/components/polaris-option-list/option.hbs]: BEGIN
2019-06-04T16:09:55.143Z [info] [addon/templates/components/polaris-page/action.hbs]: BEGIN
2019-06-04T16:09:55.152Z [info] [addon/templates/components/polaris-page/action-icon.hbs]: BEGIN
2019-06-04T16:09:55.213Z [info] [addon/templates/components/polaris-page/header.hbs]: BEGIN
2019-06-04T16:09:55.231Z [info] [addon/templates/components/polaris-popover/content.hbs]: BEGIN
2019-06-04T16:09:55.236Z [info] [addon/templates/components/polaris-resource-list/checkable-button.hbs]: BEGIN
2019-06-04T16:09:55.269Z [info] [addon/templates/components/polaris-resource-list/bulk-actions.hbs]: BEGIN
2019-06-04T16:09:55.290Z [info] [addon/templates/components/polaris-resource-list/filter-control.hbs]: BEGIN
2019-06-04T16:09:55.296Z [info] [addon/templates/components/polaris-skeleton-page/action.hbs]: BEGIN
2019-06-04T16:09:55.299Z [info] [addon/templates/components/polaris-resource-list/loading-overlay.hbs]: BEGIN
2019-06-04T16:09:55.304Z [info] [addon/templates/components/polaris-text-field/resizer.hbs]: BEGIN
2019-06-04T16:09:55.308Z [info] [addon/templates/components/polaris-stack/item.hbs]: BEGIN
2019-06-04T16:09:55.313Z [info] [addon/templates/components/polaris-text-field/spinner.hbs]: BEGIN
2019-06-04T16:09:55.317Z [info] [addon/components/polaris-page/header/action-group.js]: BEGIN
2019-06-04T16:09:55.320Z [info] [addon/components/polaris-page/header/action-group.js]: SUCCESS
2019-06-04T16:09:55.325Z [info] [addon/components/polaris-page/header/rollup.js]: BEGIN
2019-06-04T16:09:55.328Z [info] [addon/components/polaris-page/header/rollup.js]: SUCCESS
2019-06-04T16:09:55.340Z [info] [addon/components/polaris-resource-list/filter-control/filter-creator.js]: BEGIN
2019-06-04T16:09:55.357Z [info] [addon/components/polaris-resource-list/filter-control/filter-creator.js]: SUCCESS
2019-06-04T16:09:55.394Z [info] [addon/components/polaris-resource-list/filter-control/date-selector.js]: BEGIN
2019-06-04T16:09:55.445Z [info] [addon/components/polaris-resource-list/filter-control/date-selector.js]: SUCCESS
2019-06-04T16:09:55.473Z [info] [addon/components/polaris-resource-list/filter-control/filter-value-selector.js]: BEGIN
2019-06-04T16:09:55.490Z [info] [addon/components/polaris-resource-list/filter-control/filter-value-selector.js]: SUCCESS
2019-06-04T16:09:55.502Z [info] [addon/templates/components/polaris-page/header/action-group.hbs]: BEGIN
2019-06-04T16:09:55.509Z [info] [addon/templates/components/polaris-page/header/rollup.hbs]: BEGIN
2019-06-04T16:09:55.545Z [info] [addon/templates/components/polaris-resource-list/item.hbs]: BEGIN
2019-06-04T16:09:55.560Z [info] [addon/components/polaris-resource-list/bulk-actions/bulk-action-button.js]: BEGIN
2019-06-04T16:09:55.565Z [info] [addon/components/polaris-resource-list/bulk-actions/bulk-action-button.js]: SUCCESS
2019-06-04T16:09:55.573Z [info] [addon/templates/components/polaris-resource-list/bulk-actions/bulk-action-button.hbs]: BEGIN
2019-06-04T16:09:55.586Z [info] [addon/templates/components/polaris-resource-list/filter-control/date-selector.hbs]: BEGIN
2019-06-04T16:09:55.598Z [info] [addon/templates/components/polaris-resource-list/filter-control/filter-creator.hbs]: BEGIN
2019-06-04T16:09:55.611Z [info] [addon/templates/components/polaris-resource-list/filter-control/filter-value-selector.hbs]: BEGIN
2019-06-04T16:09:55.039Z [info] [addon/components/polaris-color-picker/slidable.js]: SUCCESS
2019-06-04T16:09:55.058Z [info] [addon/components/polaris-connected/item.js]: BEGIN
2019-06-04T16:09:55.064Z [info] [addon/components/polaris-connected/item.js]: SUCCESS
2019-06-04T16:09:55.075Z [info] [addon/components/polaris-data-table/heading.js]: BEGIN
2019-06-04T16:09:55.082Z [info] [addon/components/polaris-data-table/heading.js]: SUCCESS
2019-06-04T16:09:55.097Z [info] [addon/components/polaris-data-table/row.js]: BEGIN
2019-06-04T16:09:55.106Z [info] [addon/components/polaris-data-table/row.js]: SUCCESS
2019-06-04T16:09:55.126Z [info] [addon/components/polaris-data-table/cell.js]: BEGIN
2019-06-04T16:09:55.150Z [info] [addon/components/polaris-data-table/cell.js]: SUCCESS
2019-06-04T16:09:55.170Z [info] [addon/components/polaris-data-table/total.js]: BEGIN
2019-06-04T16:09:55.191Z [info] [addon/components/polaris-data-table/total.js]: SUCCESS
2019-06-04T16:09:55.219Z [info] [addon/components/polaris-date-picker/day.js]: BEGIN
2019-06-04T16:09:55.249Z [info] [addon/components/polaris-date-picker/day.js]: SUCCESS
2019-06-04T16:09:55.271Z [info] [addon/components/polaris-date-picker/month.js]: BEGIN
2019-06-04T16:09:55.289Z [info] [addon/components/polaris-date-picker/month.js]: SUCCESS
2019-06-04T16:09:55.298Z [info] [addon/components/polaris-empty-state/details.js]: BEGIN
2019-06-04T16:09:55.301Z [info] [addon/components/polaris-empty-state/details.js]: SUCCESS
2019-06-04T16:09:55.307Z [info] [addon/components/polaris-drop-zone/file-upload.js]: BEGIN
2019-06-04T16:09:55.318Z [info] [addon/components/polaris-drop-zone/file-upload.js]: SUCCESS
2019-06-04T16:09:55.327Z [info] [addon/components/polaris-form-layout/group.js]: BEGIN
2019-06-04T16:09:55.335Z [info] [addon/components/polaris-form-layout/group.js]: SUCCESS
2019-06-04T16:09:55.341Z [info] [addon/components/polaris-date-picker/weekday.js]: BEGIN
2019-06-04T16:09:55.344Z [info] [addon/components/polaris-date-picker/weekday.js]: SUCCESS
2019-06-04T16:09:55.347Z [info] [addon/components/polaris-form-layout/item.js]: BEGIN
2019-06-04T16:09:55.350Z [info] [addon/components/polaris-form-layout/item.js]: SUCCESS
2019-06-04T16:09:55.356Z [info] [addon/components/polaris-layout/annotated-section.js]: BEGIN
2019-06-04T16:09:55.360Z [info] [addon/components/polaris-layout/annotated-section.js]: SUCCESS
2019-06-04T16:09:55.364Z [info] [addon/components/polaris-layout/annotation.js]: BEGIN
2019-06-04T16:09:55.368Z [info] [addon/components/polaris-layout/annotation.js]: SUCCESS
2019-06-04T16:09:55.371Z [info] [addon/components/polaris-layout/annotation-content.js]: BEGIN
2019-06-04T16:09:55.374Z [info] [addon/components/polaris-layout/annotation-content.js]: SUCCESS
2019-06-04T16:09:55.376Z [info] [addon/components/polaris-layout/section.js]: BEGIN
2019-06-04T16:09:55.380Z [info] [addon/components/polaris-layout/section.js]: SUCCESS
2019-06-04T16:09:55.386Z [info] [addon/components/polaris-option-list/option.js]: BEGIN
2019-06-04T16:09:55.392Z [info] [addon/components/polaris-option-list/option.js]: SUCCESS
2019-06-04T16:09:55.402Z [info] [addon/components/polaris-list/item.js]: BEGIN
2019-06-04T16:09:55.405Z [info] [addon/components/polaris-list/item.js]: SUCCESS
2019-06-04T16:09:55.416Z [info] [addon/components/polaris-page/action.js]: BEGIN
2019-06-04T16:09:55.418Z [warn] [addon/components/polaris-page/action.js]: FAILURE 
Validation errors: 
	[click]: Transform not supported - need option '--decorators=true' or the property type CallExpression can not be transformed
2019-06-04T16:09:55.426Z [info] [addon/components/polaris-popover/content.js]: BEGIN
2019-06-04T16:09:55.437Z [info] [addon/components/polaris-popover/content.js]: SUCCESS
2019-06-04T16:09:55.448Z [info] [addon/components/polaris-page/header.js]: BEGIN
2019-06-04T16:09:55.459Z [info] [addon/components/polaris-page/header.js]: SUCCESS
2019-06-04T16:09:55.466Z [info] [addon/components/polaris-page/action-icon.js]: BEGIN
2019-06-04T16:09:55.469Z [info] [addon/components/polaris-page/action-icon.js]: SUCCESS
2019-06-04T16:09:55.507Z [info] [addon/components/polaris-resource-list/bulk-actions.js]: BEGIN
2019-06-04T16:09:55.546Z [info] [addon/components/polaris-resource-list/bulk-actions.js]: SUCCESS
2019-06-04T16:09:55.585Z [info] [addon/components/polaris-resource-list/filter-control.js]: BEGIN
2019-06-04T16:09:55.618Z [info] [addon/components/polaris-resource-list/filter-control.js]: SUCCESS
2019-06-04T16:09:55.632Z [info] [addon/components/polaris-resource-list/checkable-button.js]: BEGIN
2019-06-04T16:09:55.635Z [warn] [addon/components/polaris-resource-list/checkable-button.js]: FAILURE 
Validation errors: 
	[click]: Transform not supported - need option '--decorators=true' or the property type CallExpression can not be transformed
2019-06-04T16:09:55.636Z [info] [addon/components/polaris-resource-list/loading-overlay.js]: BEGIN
2019-06-04T16:09:55.640Z [info] [addon/components/polaris-resource-list/loading-overlay.js]: SUCCESS
2019-06-04T16:09:55.641Z [info] [addon/components/polaris-resource-list/provider.js]: BEGIN
2019-06-04T16:09:55.662Z [info] [addon/components/polaris-resource-list/item.js]: BEGIN
2019-06-04T16:09:55.671Z [warn] [addon/components/polaris-resource-list/item.js]: FAILURE 
Validation errors: 
	[checkboxId]: Transform not supported - need option '--decorators=true' or the property type CallExpression can not be transformed
2019-06-04T16:09:55.673Z [info] [addon/components/polaris-skeleton-page/action.js]: BEGIN
2019-06-04T16:09:55.681Z [info] [addon/components/polaris-skeleton-page/action.js]: SUCCESS
2019-06-04T16:09:55.684Z [info] [addon/components/polaris-stack/item.js]: BEGIN
2019-06-04T16:09:55.688Z [info] [addon/components/polaris-stack/item.js]: SUCCESS
2019-06-04T16:09:55.699Z [info] [addon/components/polaris-text-field/resizer.js]: BEGIN
2019-06-04T16:09:55.714Z [info] [addon/components/polaris-text-field/resizer.js]: SUCCESS
2019-06-04T16:09:55.724Z [info] [addon/templates/components/polaris-action-list/item.hbs]: BEGIN
2019-06-04T16:09:55.729Z [info] [addon/components/polaris-text-field/spinner.js]: BEGIN
2019-06-04T16:09:55.734Z [info] [addon/components/polaris-text-field/spinner.js]: SUCCESS
2019-06-04T16:09:55.742Z [info] [addon/templates/components/polaris-button/content.hbs]: BEGIN
2019-06-04T16:09:55.753Z [info] [addon/templates/components/polaris-action-list/section.hbs]: BEGIN
2019-06-04T16:09:55.759Z [info] [addon/templates/components/polaris-button-group/item.hbs]: BEGIN
2019-06-04T16:09:55.763Z [info] [addon/components/polaris-data-table/navigation.js]: BEGIN
2019-06-04T16:09:55.766Z [info] [addon/components/polaris-data-table/navigation.js]: SUCCESS
2019-06-04T16:09:55.770Z [info] [addon/templates/components/polaris-card/section-header.hbs]: BEGIN
2019-06-04T16:09:55.774Z [info] [addon/templates/components/polaris-color-picker/alpha-picker.hbs]: BEGIN
2019-06-04T16:09:55.779Z [info] [addon/templates/components/polaris-choice/label.hbs]: BEGIN
2019-06-04T16:09:55.786Z [info] [addon/templates/components/polaris-card/section.hbs]: BEGIN
2019-06-04T16:09:55.790Z [info] [addon/templates/components/polaris-color-picker/hue-picker.hbs]: BEGIN
2019-06-04T16:09:55.793Z [info] [addon/templates/components/polaris-color-picker/slidable.hbs]: BEGIN
2019-06-04T16:09:55.799Z [info] [addon/templates/components/polaris-data-table/cell.hbs]: BEGIN
2019-06-04T16:09:55.804Z [info] [addon/components/polaris-option-list/checkbox.js]: BEGIN
2019-06-04T16:09:55.808Z [info] [addon/components/polaris-option-list/checkbox.js]: SUCCESS
2019-06-04T16:09:55.810Z [info] [addon/templates/components/polaris-connected/item.hbs]: BEGIN
2019-06-04T16:09:55.819Z [info] [addon/templates/components/polaris-data-table/heading.hbs]: BEGIN
2019-06-04T16:09:55.824Z [info] [addon/templates/components/polaris-data-table/row.hbs]: BEGIN
2019-06-04T16:09:55.829Z [info] [addon/templates/components/polaris-data-table/navigation.hbs]: BEGIN
